INFO - 2022-02-11 02:01:05 --> Controller "CodeIgniter\CLI\CommandRunner" loaded.
INFO - 2022-02-11 02:04:17 --> Controller "App\Controllers\base\Beranda" loaded.
CRITICAL - 2022-02-11 02:04:17 --> Unknown database 'sidoinikahv2'
#0 E:\xampp\htdocs\nikahkoe\system\Database\BaseConnection.php(377): CodeIgniter\Database\MySQLi\Connection->connect(false)
#1 E:\xampp\htdocs\nikahkoe\system\Database\BaseConnection.php(643): CodeIgniter\Database\BaseConnection->initialize()
#2 E:\xampp\htdocs\nikahkoe\system\Database\BaseBuilder.php(1819): CodeIgniter\Database\BaseConnection->query('SELECT *\nFROM `...', Array, false)
#3 E:\xampp\htdocs\nikahkoe\app\Models\base\BerandaModel.php(31): CodeIgniter\Database\BaseBuilder->get()
#4 E:\xampp\htdocs\nikahkoe\app\Controllers\base\Beranda.php(26): App\Models\base\BerandaModel->get_all_themes()
#5 E:\xampp\htdocs\nikahkoe\system\CodeIgniter.php(910): App\Controllers\base\Beranda->index()
#6 E:\xampp\htdocs\nikahkoe\system\CodeIgniter.php(398): CodeIgniter\CodeIgniter->runController(Object(App\Controllers\base\Beranda))
#7 E:\xampp\htdocs\nikahkoe\system\CodeIgniter.php(306): CodeIgniter\CodeIgniter->handleRequest(NULL, Object(Config\Cache), false)
#8 E:\xampp\htdocs\nikahkoe\public\index.php(45): CodeIgniter\CodeIgniter->run()
#9 E:\xampp\htdocs\nikahkoe\system\Commands\Server\rewrite.php(34): require_once('E:\\xampp\\htdocs...')
#10 {main}
INFO - 2022-02-11 02:04:18 --> Controller "App\Controllers\base\Beranda" loaded.
CRITICAL - 2022-02-11 02:04:18 --> Unknown database 'sidoinikahv2'
#0 E:\xampp\htdocs\nikahkoe\system\Database\BaseConnection.php(377): CodeIgniter\Database\MySQLi\Connection->connect(false)
#1 E:\xampp\htdocs\nikahkoe\system\Database\BaseConnection.php(643): CodeIgniter\Database\BaseConnection->initialize()
#2 E:\xampp\htdocs\nikahkoe\system\Database\BaseBuilder.php(1819): CodeIgniter\Database\BaseConnection->query('SELECT *\nFROM `...', Array, false)
#3 E:\xampp\htdocs\nikahkoe\app\Models\base\BerandaModel.php(31): CodeIgniter\Database\BaseBuilder->get()
#4 E:\xampp\htdocs\nikahkoe\app\Controllers\base\Beranda.php(26): App\Models\base\BerandaModel->get_all_themes()
#5 E:\xampp\htdocs\nikahkoe\system\CodeIgniter.php(910): App\Controllers\base\Beranda->index()
#6 E:\xampp\htdocs\nikahkoe\system\CodeIgniter.php(398): CodeIgniter\CodeIgniter->runController(Object(App\Controllers\base\Beranda))
#7 E:\xampp\htdocs\nikahkoe\system\CodeIgniter.php(306): CodeIgniter\CodeIgniter->handleRequest(NULL, Object(Config\Cache), false)
#8 E:\xampp\htdocs\nikahkoe\public\index.php(45): CodeIgniter\CodeIgniter->run()
#9 E:\xampp\htdocs\nikahkoe\system\Commands\Server\rewrite.php(34): require_once('E:\\xampp\\htdocs...')
#10 {main}
INFO - 2022-02-11 02:04:29 --> Controller "App\Controllers\base\Beranda" loaded.
CRITICAL - 2022-02-11 02:04:29 --> Unknown database 'sidoinikahv2'
#0 E:\xampp\htdocs\nikahkoe\system\Database\BaseConnection.php(377): CodeIgniter\Database\MySQLi\Connection->connect(false)
#1 E:\xampp\htdocs\nikahkoe\system\Database\BaseConnection.php(643): CodeIgniter\Database\BaseConnection->initialize()
#2 E:\xampp\htdocs\nikahkoe\system\Database\BaseBuilder.php(1819): CodeIgniter\Database\BaseConnection->query('SELECT *\nFROM `...', Array, false)
#3 E:\xampp\htdocs\nikahkoe\app\Models\base\BerandaModel.php(31): CodeIgniter\Database\BaseBuilder->get()
#4 E:\xampp\htdocs\nikahkoe\app\Controllers\base\Beranda.php(26): App\Models\base\BerandaModel->get_all_themes()
#5 E:\xampp\htdocs\nikahkoe\system\CodeIgniter.php(910): App\Controllers\base\Beranda->index()
#6 E:\xampp\htdocs\nikahkoe\system\CodeIgniter.php(398): CodeIgniter\CodeIgniter->runController(Object(App\Controllers\base\Beranda))
#7 E:\xampp\htdocs\nikahkoe\system\CodeIgniter.php(306): CodeIgniter\CodeIgniter->handleRequest(NULL, Object(Config\Cache), false)
#8 E:\xampp\htdocs\nikahkoe\public\index.php(45): CodeIgniter\CodeIgniter->run()
#9 E:\xampp\htdocs\nikahkoe\system\Commands\Server\rewrite.php(34): require_once('E:\\xampp\\htdocs...')
#10 {main}
INFO - 2022-02-11 02:04:53 --> Controller "App\Controllers\base\Beranda" loaded.
CRITICAL - 2022-02-11 02:04:53 --> Unknown database 'sidoinikahv2'
#0 E:\xampp\htdocs\nikahkoe\system\Database\BaseConnection.php(377): CodeIgniter\Database\MySQLi\Connection->connect(false)
#1 E:\xampp\htdocs\nikahkoe\system\Database\BaseConnection.php(643): CodeIgniter\Database\BaseConnection->initialize()
#2 E:\xampp\htdocs\nikahkoe\system\Database\BaseBuilder.php(1819): CodeIgniter\Database\BaseConnection->query('SELECT *\nFROM `...', Array, false)
#3 E:\xampp\htdocs\nikahkoe\app\Models\base\BerandaModel.php(31): CodeIgniter\Database\BaseBuilder->get()
#4 E:\xampp\htdocs\nikahkoe\app\Controllers\base\Beranda.php(26): App\Models\base\BerandaModel->get_all_themes()
#5 E:\xampp\htdocs\nikahkoe\system\CodeIgniter.php(910): App\Controllers\base\Beranda->index()
#6 E:\xampp\htdocs\nikahkoe\system\CodeIgniter.php(398): CodeIgniter\CodeIgniter->runController(Object(App\Controllers\base\Beranda))
#7 E:\xampp\htdocs\nikahkoe\system\CodeIgniter.php(306): CodeIgniter\CodeIgniter->handleRequest(NULL, Object(Config\Cache), false)
#8 E:\xampp\htdocs\nikahkoe\public\index.php(45): CodeIgniter\CodeIgniter->run()
#9 E:\xampp\htdocs\nikahkoe\system\Commands\Server\rewrite.php(34): require_once('E:\\xampp\\htdocs...')
#10 {main}
INFO - 2022-02-11 02:05:07 --> Controller "App\Controllers\base\Beranda" loaded.
CRITICAL - 2022-02-11 02:05:07 --> Unknown database 'sidoinikahv2'
#0 E:\xampp\htdocs\nikahkoe\system\Database\BaseConnection.php(377): CodeIgniter\Database\MySQLi\Connection->connect(false)
#1 E:\xampp\htdocs\nikahkoe\system\Database\BaseConnection.php(643): CodeIgniter\Database\BaseConnection->initialize()
#2 E:\xampp\htdocs\nikahkoe\system\Database\BaseBuilder.php(1819): CodeIgniter\Database\BaseConnection->query('SELECT *\nFROM `...', Array, false)
#3 E:\xampp\htdocs\nikahkoe\app\Models\base\BerandaModel.php(31): CodeIgniter\Database\BaseBuilder->get()
#4 E:\xampp\htdocs\nikahkoe\app\Controllers\base\Beranda.php(26): App\Models\base\BerandaModel->get_all_themes()
#5 E:\xampp\htdocs\nikahkoe\system\CodeIgniter.php(910): App\Controllers\base\Beranda->index()
#6 E:\xampp\htdocs\nikahkoe\system\CodeIgniter.php(398): CodeIgniter\CodeIgniter->runController(Object(App\Controllers\base\Beranda))
#7 E:\xampp\htdocs\nikahkoe\system\CodeIgniter.php(306): CodeIgniter\CodeIgniter->handleRequest(NULL, Object(Config\Cache), false)
#8 E:\xampp\htdocs\nikahkoe\public\index.php(45): CodeIgniter\CodeIgniter->run()
#9 E:\xampp\htdocs\nikahkoe\system\Commands\Server\rewrite.php(34): require_once('E:\\xampp\\htdocs...')
#10 {main}
INFO - 2022-02-11 02:05:26 --> Controller "App\Controllers\base\Beranda" loaded.
INFO - 2022-02-11 02:07:42 --> Controller "CodeIgniter\CLI\CommandRunner" loaded.
INFO - 2022-02-11 02:26:14 --> Session: Class initialized using 'CodeIgniter\Session\Handlers\FileHandler' driver.
INFO - 2022-02-11 02:26:14 --> Controller "App\Controllers\admin\Admin" loaded.
INFO - 2022-02-11 02:26:30 --> Session: Class initialized using 'CodeIgniter\Session\Handlers\FileHandler' driver.
INFO - 2022-02-11 02:26:30 --> Controller "App\Controllers\admin\Admin" loaded.
INFO - 2022-02-11 02:26:32 --> Session: Class initialized using 'CodeIgniter\Session\Handlers\FileHandler' driver.
INFO - 2022-02-11 02:26:32 --> Controller "App\Controllers\admin\Admin" loaded.
INFO - 2022-02-11 02:26:32 --> Session: Class initialized using 'CodeIgniter\Session\Handlers\FileHandler' driver.
INFO - 2022-02-11 02:26:32 --> Controller "App\Controllers\admin\Admin" loaded.
INFO - 2022-02-11 02:26:32 --> Session: Class initialized using 'CodeIgniter\Session\Handlers\FileHandler' driver.
INFO - 2022-02-11 02:26:32 --> Controller "App\Controllers\admin\Admin" loaded.
INFO - 2022-02-11 02:26:33 --> Session: Class initialized using 'CodeIgniter\Session\Handlers\FileHandler' driver.
INFO - 2022-02-11 02:26:33 --> Controller "App\Controllers\admin\Admin" loaded.
INFO - 2022-02-11 02:26:37 --> Session: Class initialized using 'CodeIgniter\Session\Handlers\FileHandler' driver.
INFO - 2022-02-11 02:26:37 --> Controller "App\Controllers\admin\Admin" loaded.
INFO - 2022-02-11 02:26:49 --> Session: Class initialized using 'CodeIgniter\Session\Handlers\FileHandler' driver.
INFO - 2022-02-11 02:26:49 --> Controller "App\Controllers\undangan\Undangan" loaded.
INFO - 2022-02-11 02:26:50 --> Session: Class initialized using 'CodeIgniter\Session\Handlers\FileHandler' driver.
INFO - 2022-02-11 02:26:50 --> Controller "App\Controllers\undangan\Undangan" loaded.
INFO - 2022-02-11 02:28:12 --> Controller "App\Controllers\base\Beranda" loaded.
INFO - 2022-02-11 02:28:21 --> Session: Class initialized using 'CodeIgniter\Session\Handlers\FileHandler' driver.
INFO - 2022-02-11 02:28:21 --> Controller "App\Controllers\base\Dashboard" loaded.
INFO - 2022-02-11 02:29:02 --> Session: Class initialized using 'CodeIgniter\Session\Handlers\FileHandler' driver.
INFO - 2022-02-11 02:29:02 --> Controller "App\Controllers\base\Dashboard" loaded.
INFO - 2022-02-11 02:29:02 --> Session: Class initialized using 'CodeIgniter\Session\Handlers\FileHandler' driver.
INFO - 2022-02-11 02:29:02 --> Controller "App\Controllers\base\Dashboard" loaded.
INFO - 2022-02-11 02:30:35 --> Session: Class initialized using 'CodeIgniter\Session\Handlers\FileHandler' driver.
INFO - 2022-02-11 02:30:35 --> Controller "App\Controllers\admin\Admin" loaded.
INFO - 2022-02-11 02:30:36 --> Session: Class initialized using 'CodeIgniter\Session\Handlers\FileHandler' driver.
INFO - 2022-02-11 02:30:36 --> Controller "App\Controllers\admin\Admin" loaded.
INFO - 2022-02-11 02:30:43 --> Controller "App\Controllers\base\Beranda" loaded.
INFO - 2022-02-11 02:30:53 --> Session: Class initialized using 'CodeIgniter\Session\Handlers\FileHandler' driver.
INFO - 2022-02-11 02:30:53 --> Controller "App\Controllers\undangan\Undangan" loaded.
INFO - 2022-02-11 02:30:53 --> Session: Class initialized using 'CodeIgniter\Session\Handlers\FileHandler' driver.
INFO - 2022-02-11 02:30:53 --> Controller "App\Controllers\undangan\Undangan" loaded.
INFO - 2022-02-11 02:30:55 --> Session: Class initialized using 'CodeIgniter\Session\Handlers\FileHandler' driver.
INFO - 2022-02-11 02:30:55 --> Controller "App\Controllers\undangan\Undangan" loaded.
INFO - 2022-02-11 02:30:55 --> Session: Class initialized using 'CodeIgniter\Session\Handlers\FileHandler' driver.
INFO - 2022-02-11 02:30:55 --> Controller "App\Controllers\undangan\Undangan" loaded.
INFO - 2022-02-11 02:30:56 --> Session: Class initialized using 'CodeIgniter\Session\Handlers\FileHandler' driver.
INFO - 2022-02-11 02:30:56 --> Controller "App\Controllers\undangan\Undangan" loaded.
INFO - 2022-02-11 02:31:20 --> Controller "App\Controllers\base\Beranda" loaded.
INFO - 2022-02-11 02:31:29 --> Controller "App\Controllers\base\Beranda" loaded.
INFO - 2022-02-11 02:31:38 --> Controller "App\Controllers\base\Beranda" loaded.
INFO - 2022-02-11 02:31:43 --> Controller "App\Controllers\base\Beranda" loaded.
INFO - 2022-02-11 02:33:33 --> Controller "App\Controllers\base\Beranda" loaded.
INFO - 2022-02-11 02:33:34 --> Controller "App\Controllers\base\Beranda" loaded.
INFO - 2022-02-11 02:33:35 --> Controller "App\Controllers\base\Beranda" loaded.
INFO - 2022-02-11 02:33:35 --> Controller "App\Controllers\base\Beranda" loaded.
INFO - 2022-02-11 02:33:35 --> Controller "App\Controllers\base\Beranda" loaded.
INFO - 2022-02-11 02:33:44 --> Controller "App\Controllers\base\Beranda" loaded.
INFO - 2022-02-11 02:33:45 --> Controller "App\Controllers\base\Beranda" loaded.
INFO - 2022-02-11 02:33:45 --> Controller "App\Controllers\base\Beranda" loaded.
INFO - 2022-02-11 02:33:45 --> Controller "App\Controllers\base\Beranda" loaded.
INFO - 2022-02-11 02:33:46 --> Controller "App\Controllers\base\Beranda" loaded.
INFO - 2022-02-11 02:33:46 --> Controller "App\Controllers\base\Beranda" loaded.
INFO - 2022-02-11 02:33:52 --> Controller "App\Controllers\base\Beranda" loaded.
INFO - 2022-02-11 02:33:52 --> Controller "App\Controllers\base\Beranda" loaded.
INFO - 2022-02-11 02:33:53 --> Controller "App\Controllers\base\Beranda" loaded.
INFO - 2022-02-11 02:33:59 --> Controller "App\Controllers\base\Beranda" loaded.
INFO - 2022-02-11 02:33:59 --> Controller "App\Controllers\base\Beranda" loaded.
INFO - 2022-02-11 02:34:00 --> Controller "App\Controllers\base\Beranda" loaded.
INFO - 2022-02-11 02:34:05 --> Controller "App\Controllers\base\Beranda" loaded.
INFO - 2022-02-11 02:34:06 --> Controller "App\Controllers\base\Beranda" loaded.
INFO - 2022-02-11 02:34:06 --> Controller "App\Controllers\base\Beranda" loaded.
INFO - 2022-02-11 02:34:59 --> Controller "App\Controllers\base\Beranda" loaded.
INFO - 2022-02-11 02:35:00 --> Controller "App\Controllers\base\Beranda" loaded.
INFO - 2022-02-11 02:35:03 --> Controller "App\Controllers\base\Beranda" loaded.
INFO - 2022-02-11 02:35:03 --> Controller "App\Controllers\base\Beranda" loaded.
INFO - 2022-02-11 02:35:17 --> Controller "App\Controllers\base\Beranda" loaded.
INFO - 2022-02-11 02:35:34 --> Controller "App\Controllers\base\Beranda" loaded.
INFO - 2022-02-11 02:35:38 --> Session: Class initialized using 'CodeIgniter\Session\Handlers\FileHandler' driver.
INFO - 2022-02-11 02:35:38 --> Controller "App\Controllers\admin\Admin" loaded.
INFO - 2022-02-11 02:35:41 --> Session: Class initialized using 'CodeIgniter\Session\Handlers\FileHandler' driver.
INFO - 2022-02-11 02:35:41 --> Controller "App\Controllers\admin\Admin" loaded.
INFO - 2022-02-11 02:36:17 --> Session: Class initialized using 'CodeIgniter\Session\Handlers\FileHandler' driver.
INFO - 2022-02-11 02:36:17 --> Controller "App\Controllers\admin\Admin" loaded.
INFO - 2022-02-11 02:36:29 --> Session: Class initialized using 'CodeIgniter\Session\Handlers\FileHandler' driver.
INFO - 2022-02-11 02:36:29 --> Controller "App\Controllers\admin\Admin" loaded.
INFO - 2022-02-11 02:36:29 --> Session: Class initialized using 'CodeIgniter\Session\Handlers\FileHandler' driver.
INFO - 2022-02-11 02:36:29 --> Controller "App\Controllers\admin\Admin" loaded.
INFO - 2022-02-11 02:36:44 --> Session: Class initialized using 'CodeIgniter\Session\Handlers\FileHandler' driver.
INFO - 2022-02-11 02:36:44 --> Controller "App\Controllers\admin\Admin" loaded.
INFO - 2022-02-11 02:37:29 --> Session: Class initialized using 'CodeIgniter\Session\Handlers\FileHandler' driver.
INFO - 2022-02-11 02:37:29 --> Controller "App\Controllers\admin\Admin" loaded.
INFO - 2022-02-11 02:37:36 --> Session: Class initialized using 'CodeIgniter\Session\Handlers\FileHandler' driver.
INFO - 2022-02-11 02:37:36 --> Controller "App\Controllers\admin\Admin" loaded.
INFO - 2022-02-11 02:37:36 --> Session: Class initialized using 'CodeIgniter\Session\Handlers\FileHandler' driver.
INFO - 2022-02-11 02:37:36 --> Controller "App\Controllers\admin\Admin" loaded.
INFO - 2022-02-11 02:37:44 --> Session: Class initialized using 'CodeIgniter\Session\Handlers\FileHandler' driver.
INFO - 2022-02-11 02:37:44 --> Controller "App\Controllers\admin\Admin" loaded.
INFO - 2022-02-11 02:37:59 --> Controller "App\Controllers\base\Beranda" loaded.
INFO - 2022-02-11 02:38:16 --> Controller "App\Controllers\base\Beranda" loaded.
INFO - 2022-02-11 02:38:38 --> Controller "App\Controllers\base\Beranda" loaded.
INFO - 2022-02-11 02:38:43 --> Controller "App\Controllers\base\Beranda" loaded.
INFO - 2022-02-11 02:38:44 --> Controller "App\Controllers\base\Beranda" loaded.
INFO - 2022-02-11 02:39:11 --> Controller "App\Controllers\base\Beranda" loaded.
INFO - 2022-02-11 02:39:30 --> Session: Class initialized using 'CodeIgniter\Session\Handlers\FileHandler' driver.
INFO - 2022-02-11 02:39:30 --> Controller "App\Controllers\admin\Admin" loaded.
INFO - 2022-02-11 02:39:37 --> Session: Class initialized using 'CodeIgniter\Session\Handlers\FileHandler' driver.
INFO - 2022-02-11 02:39:37 --> Controller "App\Controllers\admin\Admin" loaded.
INFO - 2022-02-11 02:39:37 --> Session: Class initialized using 'CodeIgniter\Session\Handlers\FileHandler' driver.
INFO - 2022-02-11 02:39:37 --> Controller "App\Controllers\admin\Admin" loaded.
INFO - 2022-02-11 02:39:42 --> Session: Class initialized using 'CodeIgniter\Session\Handlers\FileHandler' driver.
INFO - 2022-02-11 02:39:42 --> Controller "App\Controllers\admin\Admin" loaded.
INFO - 2022-02-11 02:39:43 --> Session: Class initialized using 'CodeIgniter\Session\Handlers\FileHandler' driver.
INFO - 2022-02-11 02:39:46 --> Session: Class initialized using 'CodeIgniter\Session\Handlers\FileHandler' driver.
INFO - 2022-02-11 02:39:46 --> Controller "App\Controllers\admin\Admin" loaded.
INFO - 2022-02-11 02:39:47 --> Session: Class initialized using 'CodeIgniter\Session\Handlers\FileHandler' driver.
INFO - 2022-02-11 02:39:47 --> Controller "App\Controllers\admin\Admin" loaded.
INFO - 2022-02-11 02:39:49 --> Session: Class initialized using 'CodeIgniter\Session\Handlers\FileHandler' driver.
INFO - 2022-02-11 02:39:54 --> Session: Class initialized using 'CodeIgniter\Session\Handlers\FileHandler' driver.
INFO - 2022-02-11 02:39:56 --> Session: Class initialized using 'CodeIgniter\Session\Handlers\FileHandler' driver.
INFO - 2022-02-11 02:39:57 --> Session: Class initialized using 'CodeIgniter\Session\Handlers\FileHandler' driver.
INFO - 2022-02-11 02:39:57 --> Controller "App\Controllers\admin\Admin" loaded.
INFO - 2022-02-11 02:39:58 --> Session: Class initialized using 'CodeIgniter\Session\Handlers\FileHandler' driver.
INFO - 2022-02-11 02:39:58 --> Controller "App\Controllers\admin\Admin" loaded.
INFO - 2022-02-11 02:39:59 --> Session: Class initialized using 'CodeIgniter\Session\Handlers\FileHandler' driver.
INFO - 2022-02-11 02:39:59 --> Controller "App\Controllers\admin\Admin" loaded.
INFO - 2022-02-11 02:40:01 --> Session: Class initialized using 'CodeIgniter\Session\Handlers\FileHandler' driver.
INFO - 2022-02-11 02:40:03 --> Session: Class initialized using 'CodeIgniter\Session\Handlers\FileHandler' driver.
INFO - 2022-02-11 02:40:03 --> Controller "App\Controllers\admin\Admin" loaded.
INFO - 2022-02-11 02:40:04 --> Session: Class initialized using 'CodeIgniter\Session\Handlers\FileHandler' driver.
INFO - 2022-02-11 02:40:04 --> Controller "App\Controllers\admin\Admin" loaded.
INFO - 2022-02-11 02:40:07 --> Session: Class initialized using 'CodeIgniter\Session\Handlers\FileHandler' driver.
INFO - 2022-02-11 02:40:07 --> Controller "App\Controllers\admin\Admin" loaded.
INFO - 2022-02-11 02:40:22 --> Controller "App\Controllers\base\Beranda" loaded.
INFO - 2022-02-11 02:40:28 --> Controller "App\Controllers\base\Beranda" loaded.
INFO - 2022-02-11 02:40:34 --> Controller "App\Controllers\base\Beranda" loaded.
INFO - 2022-02-11 02:41:02 --> Session: Class initialized using 'CodeIgniter\Session\Handlers\FileHandler' driver.
INFO - 2022-02-11 02:41:02 --> Controller "App\Controllers\undangan\Undangan" loaded.
INFO - 2022-02-11 02:41:09 --> Session: Class initialized using 'CodeIgniter\Session\Handlers\FileHandler' driver.
INFO - 2022-02-11 02:41:09 --> Controller "App\Controllers\undangan\Undangan" loaded.
INFO - 2022-02-11 02:41:22 --> Session: Class initialized using 'CodeIgniter\Session\Handlers\FileHandler' driver.
INFO - 2022-02-11 02:41:22 --> Controller "App\Controllers\undangan\Undangan" loaded.
INFO - 2022-02-11 02:41:27 --> Session: Class initialized using 'CodeIgniter\Session\Handlers\FileHandler' driver.
INFO - 2022-02-11 02:41:27 --> Controller "App\Controllers\undangan\Undangan" loaded.
INFO - 2022-02-11 02:41:32 --> Session: Class initialized using 'CodeIgniter\Session\Handlers\FileHandler' driver.
INFO - 2022-02-11 02:41:32 --> Controller "App\Controllers\undangan\Undangan" loaded.
INFO - 2022-02-11 02:41:32 --> Session: Class initialized using 'CodeIgniter\Session\Handlers\FileHandler' driver.
INFO - 2022-02-11 02:41:32 --> Controller "App\Controllers\undangan\Undangan" loaded.
INFO - 2022-02-11 02:59:54 --> Controller "App\Controllers\base\Beranda" loaded.
INFO - 2022-02-11 03:00:03 --> Controller "App\Controllers\base\Beranda" loaded.
INFO - 2022-02-11 03:00:06 --> Controller "App\Controllers\base\Beranda" loaded.
INFO - 2022-02-11 03:01:52 --> Session: Class initialized using 'CodeIgniter\Session\Handlers\FileHandler' driver.
INFO - 2022-02-11 03:01:52 --> Controller "App\Controllers\admin\Admin" loaded.
INFO - 2022-02-11 03:02:15 --> Controller "App\Controllers\base\Beranda" loaded.
INFO - 2022-02-11 03:02:55 --> Session: Class initialized using 'CodeIgniter\Session\Handlers\FileHandler' driver.
INFO - 2022-02-11 03:02:55 --> Controller "App\Controllers\base\Dashboard" loaded.
INFO - 2022-02-11 03:03:05 --> Session: Class initialized using 'CodeIgniter\Session\Handlers\FileHandler' driver.
INFO - 2022-02-11 03:03:05 --> Controller "App\Controllers\base\Dashboard" loaded.
INFO - 2022-02-11 03:03:05 --> Session: Class initialized using 'CodeIgniter\Session\Handlers\FileHandler' driver.
INFO - 2022-02-11 03:03:05 --> Controller "App\Controllers\base\Dashboard" loaded.
INFO - 2022-02-11 03:03:11 --> Session: Class initialized using 'CodeIgniter\Session\Handlers\FileHandler' driver.
INFO - 2022-02-11 03:03:11 --> Controller "App\Controllers\base\Dashboard" loaded.
INFO - 2022-02-11 03:04:11 --> Session: Class initialized using 'CodeIgniter\Session\Handlers\FileHandler' driver.
INFO - 2022-02-11 03:04:11 --> Controller "App\Controllers\base\Dashboard" loaded.
INFO - 2022-02-11 03:04:11 --> Session: Class initialized using 'CodeIgniter\Session\Handlers\FileHandler' driver.
INFO - 2022-02-11 03:04:11 --> Controller "App\Controllers\base\Dashboard" loaded.
INFO - 2022-02-11 03:04:17 --> Controller "App\Controllers\base\Beranda" loaded.
INFO - 2022-02-11 03:04:24 --> Session: Class initialized using 'CodeIgniter\Session\Handlers\FileHandler' driver.
INFO - 2022-02-11 03:04:24 --> Controller "App\Controllers\base\Order" loaded.
INFO - 2022-02-11 03:04:54 --> Session: Class initialized using 'CodeIgniter\Session\Handlers\FileHandler' driver.
INFO - 2022-02-11 03:04:54 --> Controller "App\Controllers\base\Order" loaded.
INFO - 2022-02-11 03:06:52 --> Session: Class initialized using 'CodeIgniter\Session\Handlers\FileHandler' driver.
INFO - 2022-02-11 03:06:52 --> Controller "App\Controllers\base\Order" loaded.
INFO - 2022-02-11 03:06:57 --> Session: Class initialized using 'CodeIgniter\Session\Handlers\FileHandler' driver.
INFO - 2022-02-11 03:06:57 --> Controller "App\Controllers\base\Order" loaded.
INFO - 2022-02-11 03:07:05 --> Session: Class initialized using 'CodeIgniter\Session\Handlers\FileHandler' driver.
INFO - 2022-02-11 03:07:05 --> Controller "App\Controllers\base\Order" loaded.
INFO - 2022-02-11 03:07:07 --> Session: Class initialized using 'CodeIgniter\Session\Handlers\FileHandler' driver.
INFO - 2022-02-11 03:07:07 --> Controller "App\Controllers\base\Order" loaded.
INFO - 2022-02-11 03:07:31 --> Session: Class initialized using 'CodeIgniter\Session\Handlers\FileHandler' driver.
INFO - 2022-02-11 03:07:31 --> Controller "App\Controllers\base\Order" loaded.
INFO - 2022-02-11 03:09:19 --> Session: Class initialized using 'CodeIgniter\Session\Handlers\FileHandler' driver.
INFO - 2022-02-11 03:09:19 --> Controller "App\Controllers\base\Order" loaded.
INFO - 2022-02-11 03:09:19 --> Controller "App\Controllers\base\Beranda" loaded.
INFO - 2022-02-11 03:09:25 --> Session: Class initialized using 'CodeIgniter\Session\Handlers\FileHandler' driver.
INFO - 2022-02-11 03:09:25 --> Controller "App\Controllers\base\Order" loaded.
INFO - 2022-02-11 03:09:31 --> Session: Class initialized using 'CodeIgniter\Session\Handlers\FileHandler' driver.
INFO - 2022-02-11 03:09:31 --> Controller "App\Controllers\base\Order" loaded.
INFO - 2022-02-11 03:09:34 --> Session: Class initialized using 'CodeIgniter\Session\Handlers\FileHandler' driver.
INFO - 2022-02-11 03:09:34 --> Controller "App\Controllers\base\Order" loaded.
INFO - 2022-02-11 03:09:35 --> Session: Class initialized using 'CodeIgniter\Session\Handlers\FileHandler' driver.
INFO - 2022-02-11 03:09:35 --> Controller "App\Controllers\base\Order" loaded.
INFO - 2022-02-11 03:09:42 --> Session: Class initialized using 'CodeIgniter\Session\Handlers\FileHandler' driver.
INFO - 2022-02-11 03:09:42 --> Controller "App\Controllers\undangan\Undangan" loaded.
INFO - 2022-02-11 03:09:43 --> Session: Class initialized using 'CodeIgniter\Session\Handlers\FileHandler' driver.
INFO - 2022-02-11 03:09:43 --> Controller "App\Controllers\undangan\Undangan" loaded.
INFO - 2022-02-11 03:09:43 --> Session: Class initialized using 'CodeIgniter\Session\Handlers\FileHandler' driver.
INFO - 2022-02-11 03:09:43 --> Controller "App\Controllers\undangan\Undangan" loaded.
INFO - 2022-02-11 03:09:43 --> Session: Class initialized using 'CodeIgniter\Session\Handlers\FileHandler' driver.
INFO - 2022-02-11 03:09:43 --> Controller "App\Controllers\undangan\Undangan" loaded.
INFO - 2022-02-11 03:09:43 --> Session: Class initialized using 'CodeIgniter\Session\Handlers\FileHandler' driver.
INFO - 2022-02-11 03:09:43 --> Controller "App\Controllers\undangan\Undangan" loaded.
INFO - 2022-02-11 03:09:43 --> Session: Class initialized using 'CodeIgniter\Session\Handlers\FileHandler' driver.
INFO - 2022-02-11 03:09:43 --> Controller "App\Controllers\undangan\Undangan" loaded.
INFO - 2022-02-11 03:09:43 --> Session: Class initialized using 'CodeIgniter\Session\Handlers\FileHandler' driver.
INFO - 2022-02-11 03:09:43 --> Controller "App\Controllers\undangan\Undangan" loaded.
INFO - 2022-02-11 03:09:43 --> Session: Class initialized using 'CodeIgniter\Session\Handlers\FileHandler' driver.
INFO - 2022-02-11 03:09:43 --> Controller "App\Controllers\undangan\Undangan" loaded.
INFO - 2022-02-11 03:09:43 --> Session: Class initialized using 'CodeIgniter\Session\Handlers\FileHandler' driver.
INFO - 2022-02-11 03:09:43 --> Controller "App\Controllers\undangan\Undangan" loaded.
INFO - 2022-02-11 03:09:43 --> Session: Class initialized using 'CodeIgniter\Session\Handlers\FileHandler' driver.
INFO - 2022-02-11 03:09:43 --> Controller "App\Controllers\undangan\Undangan" loaded.
INFO - 2022-02-11 03:16:56 --> Session: Class initialized using 'CodeIgniter\Session\Handlers\FileHandler' driver.
INFO - 2022-02-11 03:16:56 --> Controller "App\Controllers\admin\Admin" loaded.
INFO - 2022-02-11 03:17:00 --> Session: Class initialized using 'CodeIgniter\Session\Handlers\FileHandler' driver.
INFO - 2022-02-11 03:17:00 --> Controller "App\Controllers\admin\Admin" loaded.
INFO - 2022-02-11 03:17:02 --> Session: Class initialized using 'CodeIgniter\Session\Handlers\FileHandler' driver.
INFO - 2022-02-11 03:17:03 --> Session: Class initialized using 'CodeIgniter\Session\Handlers\FileHandler' driver.
INFO - 2022-02-11 03:17:03 --> Controller "App\Controllers\admin\Admin" loaded.
INFO - 2022-02-11 03:17:05 --> Session: Class initialized using 'CodeIgniter\Session\Handlers\FileHandler' driver.
INFO - 2022-02-11 03:17:05 --> Controller "App\Controllers\admin\Admin" loaded.
INFO - 2022-02-11 03:32:56 --> Session: Class initialized using 'CodeIgniter\Session\Handlers\FileHandler' driver.
INFO - 2022-02-11 03:32:56 --> Controller "App\Controllers\admin\Admin" loaded.
INFO - 2022-02-11 03:33:01 --> Session: Class initialized using 'CodeIgniter\Session\Handlers\FileHandler' driver.
INFO - 2022-02-11 03:33:01 --> Controller "App\Controllers\admin\Admin" loaded.
INFO - 2022-02-11 03:33:03 --> Session: Class initialized using 'CodeIgniter\Session\Handlers\FileHandler' driver.
INFO - 2022-02-11 03:33:03 --> Controller "App\Controllers\admin\Admin" loaded.
INFO - 2022-02-11 03:33:04 --> Session: Class initialized using 'CodeIgniter\Session\Handlers\FileHandler' driver.
INFO - 2022-02-11 03:33:04 --> Controller "App\Controllers\admin\Admin" loaded.
INFO - 2022-02-11 03:33:07 --> Session: Class initialized using 'CodeIgniter\Session\Handlers\FileHandler' driver.
INFO - 2022-02-11 03:33:07 --> Controller "App\Controllers\admin\Admin" loaded.
INFO - 2022-02-11 04:28:35 --> Controller "App\Controllers\base\Beranda" loaded.
